Determining if the pthread_create exist failed with the following output:
Change Dir: /home/denneyl/intro_project/build/CMakeFiles/CMakeTmp

Run Build Command:"/usr/bin/make" "cmTC_e68ee/fast"
/usr/bin/make -f CMakeFiles/cmTC_e68ee.dir/build.make CMakeFiles/cmTC_e68ee.dir/build
make[1]: Entering directory '/home/denneyl/intro_project/build/CMakeFiles/CMakeTmp'
Building C object CMakeFiles/cmTC_e68ee.dir/CheckSymbolExists.c.o
/usr/bin/cc     -o CMakeFiles/cmTC_e68ee.dir/CheckSymbolExists.c.o   -c /home/denneyl/intro_project/build/CMakeFiles/CMakeTmp/CheckSymbolExists.c
Linking C executable cmTC_e68ee
/usr/bin/cmake -E cmake_link_script CMakeFiles/cmTC_e68ee.dir/link.txt --verbose=1
/usr/bin/cc       CMakeFiles/cmTC_e68ee.dir/CheckSymbolExists.c.o  -o cmTC_e68ee -rdynamic 
CMakeFiles/cmTC_e68ee.dir/CheckSymbolExists.c.o: In function `main':
CheckSymbolExists.c:(.text+0x16): undefined reference to `pthread_create'
collect2: error: ld returned 1 exit status
CMakeFiles/cmTC_e68ee.dir/build.make:97: recipe for target 'cmTC_e68ee' failed
make[1]: *** [cmTC_e68ee] Error 1
make[1]: Leaving directory '/home/denneyl/intro_project/build/CMakeFiles/CMakeTmp'
Makefile:126: recipe for target 'cmTC_e68ee/fast' failed
make: *** [cmTC_e68ee/fast] Error 2

File /home/denneyl/intro_project/build/CMakeFiles/CMakeTmp/CheckSymbolExists.c:
/* */
#include <pthread.h>

int main(int argc, char** argv)
{
  (void)argv;
#ifndef pthread_create
  return ((int*)(&pthread_create))[argc];
#else
  (void)argc;
  return 0;
#endif
}

Determining if the function pthread_create exists in the pthreads failed with the following output:
Change Dir: /home/denneyl/intro_project/build/CMakeFiles/CMakeTmp

Run Build Command:"/usr/bin/make" "cmTC_2edff/fast"
/usr/bin/make -f CMakeFiles/cmTC_2edff.dir/build.make CMakeFiles/cmTC_2edff.dir/build
make[1]: Entering directory '/home/denneyl/intro_project/build/CMakeFiles/CMakeTmp'
Building C object CMakeFiles/cmTC_2edff.dir/CheckFunctionExists.c.o
/usr/bin/cc    -DCHECK_FUNCTION_EXISTS=pthread_create   -o CMakeFiles/cmTC_2edff.dir/CheckFunctionExists.c.o   -c /usr/share/cmake-3.5/Modules/CheckFunctionExists.c
Linking C executable cmTC_2edff
/usr/bin/cmake -E cmake_link_script CMakeFiles/cmTC_2edff.dir/link.txt --verbose=1
/usr/bin/cc   -DCHECK_FUNCTION_EXISTS=pthread_create    CMakeFiles/cmTC_2edff.dir/CheckFunctionExists.c.o  -o cmTC_2edff -rdynamic -lpthreads 
/usr/bin/ld: cannot find -lpthreads
collect2: error: ld returned 1 exit status
CMakeFiles/cmTC_2edff.dir/build.make:97: recipe for target 'cmTC_2edff' failed
make[1]: *** [cmTC_2edff] Error 1
make[1]: Leaving directory '/home/denneyl/intro_project/build/CMakeFiles/CMakeTmp'
Makefile:126: recipe for target 'cmTC_2edff/fast' failed
make: *** [cmTC_2edff/fast] Error 2


